201811230001: START ./CentralRecordingCheck.sh Script
201811230008: START ./CentralRecordingCheck.sh Script
Key file SD not found
201811230010: START ./CentralRecordingCheck.sh Script
Unable to ping server 184.183.214.15
201811230012: START ./CentralRecordingCheck.sh Script
Data capture complete, creating csv file
201811230012: ./CentralRecordingCheck.sh COMPLETE
201811230123: START ./CentralRecordingCheck.sh Script
Data capture complete, creating csv file
201811230123: ./CentralRecordingCheck.sh COMPLETE
201811230133: START ./CentralRecordingCheck.sh Script
Data capture complete, creating csv file
201811230134: ./CentralRecordingCheck.sh COMPLETE
201811230137: START ./CentralRecordingCheck.sh Script
Data capture complete, creating csv file
201811230137: ./CentralRecordingCheck.sh COMPLETE
201811230139: START ./CentralRecordingCheck.sh Script
Data capture complete, creating csv file
201811230139: ./CentralRecordingCheck.sh COMPLETE
201811230141: START ./CentralRecordingCheck.sh Script
Data capture complete, creating csv file
201811230142: ./CentralRecordingCheck.sh COMPLETE
201811230145: START ./CentralRecordingCheck.sh Script
Data capture complete, creating csv file
201811230145: ./CentralRecordingCheck.sh COMPLETE
